INFO:azure.servicebus._pyamqp.aio._connection_async:Connection state changed: None -> <ConnectionState.START: 0>
INFO:azure.servicebus._pyamqp.aio._connection_async:Connection state changed: <ConnectionState.START: 0> -> <ConnectionState.HDR_SENT: 2>
INFO:azure.servicebus._pyamqp.aio._connection_async:Connection state changed: <ConnectionState.HDR_SENT: 2> -> <ConnectionState.HDR_SENT: 2>
INFO:azure.servicebus._pyamqp.aio._connection_async:Connection state changed: <ConnectionState.HDR_SENT: 2> -> <ConnectionState.OPEN_PIPE: 4>
INFO:azure.servicebus._pyamqp.aio._session_async:Session state changed: <SessionState.UNMAPPED: 0> -> <SessionState.BEGIN_SENT: 1>
INFO:azure.servicebus._pyamqp.aio._link_async:Link state changed: <LinkState.DETACHED: 0> -> <LinkState.ATTACH_SENT: 1>
INFO:azure.servicebus._pyamqp.aio._management_link_async:Management link receiver state changed: <LinkState.DETACHED: 0> -> <LinkState.ATTACH_SENT: 1>
INFO:azure.servicebus._pyamqp.aio._link_async:Link state changed: <LinkState.DETACHED: 0> -> <LinkState.ATTACH_SENT: 1>
INFO:azure.servicebus._pyamqp.aio._management_link_async:Management link sender state changed: <LinkState.DETACHED: 0> -> <LinkState.ATTACH_SENT: 1>
INFO:azure.servicebus._pyamqp.aio._connection_async:Connection state changed: <ConnectionState.OPEN_PIPE: 4> -> <ConnectionState.OPEN_SENT: 7>
INFO:azure.servicebus._pyamqp.aio._connection_async:Connection state changed: <ConnectionState.OPEN_SENT: 7> -> <ConnectionState.OPENED: 9>
INFO:azure.servicebus._pyamqp.aio._session_async:Session state changed: <SessionState.BEGIN_SENT: 1> -> <SessionState.MAPPED: 3>
INFO:azure.servicebus._pyamqp.aio._link_async:Link state changed: <LinkState.ATTACH_SENT: 1> -> <LinkState.ATTACHED: 3>
INFO:azure.servicebus._pyamqp.aio._management_link_async:Management link receiver state changed: <LinkState.ATTACH_SENT: 1> -> <LinkState.ATTACHED: 3>
INFO:azure.servicebus._pyamqp.aio._link_async:Link state changed: <LinkState.ATTACH_SENT: 1> -> <LinkState.ATTACHED: 3>
INFO:azure.servicebus._pyamqp.aio._management_link_async:Management link sender state changed: <LinkState.ATTACH_SENT: 1> -> <LinkState.ATTACHED: 3>
INFO:azure.servicebus._pyamqp.aio._cbs_async:CBS completed opening with status: <ManagementOpenResult.OK: 1>
INFO:azure.servicebus._pyamqp.aio._link_async:Link state changed: <LinkState.DETACHED: 0> -> <LinkState.ATTACH_SENT: 1>
INFO:azure.servicebus._pyamqp.aio._link_async:Link state changed: <LinkState.ATTACH_SENT: 1> -> <LinkState.ATTACHED: 3>
INFO:azure.servicebus._pyamqp.aio._link_async:Link state changed: <LinkState.ATTACHED: 3> -> <LinkState.DETACH_SENT: 4>
INFO:azure.servicebus._pyamqp.aio._link_async:Link state changed: <LinkState.ATTACHED: 3> -> <LinkState.DETACH_SENT: 4>
INFO:azure.servicebus._pyamqp.aio._management_link_async:Management link receiver state changed: <LinkState.ATTACHED: 3> -> <LinkState.DETACH_SENT: 4>
INFO:azure.servicebus._pyamqp.aio._link_async:Link state changed: <LinkState.ATTACHED: 3> -> <LinkState.DETACH_SENT: 4>
INFO:azure.servicebus._pyamqp.aio._management_link_async:Management link sender state changed: <LinkState.ATTACHED: 3> -> <LinkState.DETACH_SENT: 4>
INFO:azure.servicebus._pyamqp.aio._session_async:Session state changed: <SessionState.MAPPED: 3> -> <SessionState.END_SENT: 4>
INFO:azure.servicebus._pyamqp.aio._connection_async:Connection state changed: <ConnectionState.OPENED: 9> -> <ConnectionState.CLOSE_SENT: 11>
INFO:azure.servicebus._pyamqp.aio._connection_async:Connection state changed: <ConnectionState.CLOSE_SENT: 11> -> <ConnectionState.END: 13>
INFO:azure.servicebus._pyamqp.aio._session_async:Session state changed: <SessionState.END_SENT: 4> -> <SessionState.DISCARDING: 6>
INFO:azure.servicebus._pyamqp.aio._link_async:Link state changed: <LinkState.DETACH_SENT: 4> -> <LinkState.DETACHED: 0>
INFO:azure.servicebus._pyamqp.aio._management_link_async:Management link sender state changed: <LinkState.DETACH_SENT: 4> -> <LinkState.DETACHED: 0>
INFO:azure.servicebus._pyamqp.aio._link_async:Link state changed: <LinkState.DETACH_SENT: 4> -> <LinkState.DETACHED: 0>
INFO:azure.servicebus._pyamqp.aio._management_link_async:Management link receiver state changed: <LinkState.DETACH_SENT: 4> -> <LinkState.DETACHED: 0>
INFO:azure.servicebus._pyamqp.aio._link_async:Link state changed: <LinkState.DETACH_SENT: 4> -> <LinkState.DETACHED: 0>
